0 silly input [ 'publish' ]
1 silly flags { _: [ 'publish' ], 'reject-cycles': false, rejectCycles: false }
2 verbose rootPath /Users/localuser/Sites/lendi-ui
3 info version 2.11.0
4 silly isInitialized
5 silly isInitialized true
6 silly existsSync /Users/localuser/Sites/lendi-ui/VERSION
7 silly initialize attempt
8 info current version 0.0.4
9 silly isDetachedHead
10 silly getCurrentBranch
11 verbose getCurrentBranch LIP-369
12 verbose isDetachedHead false
13 silly getCurrentBranch
14 verbose getCurrentBranch LIP-369
15 silly getUpdates
16 info Checking for updated packages...
17 silly hasTags
18 verbose hasTags true
19 silly getLastTag
20 error initialize caught error
21 error Error: fatal: No tags can describe '71afbc3d500f48f2ef749241616d3f1699bc8f8f'.
21 error Try --always, or create some tags.
21 error
21 error     at Function.module.exports.sync (/Users/localuser/Sites/lendi-ui/node_modules/execa/index.js:303:26)
21 error     at Function.execSync (/Users/localuser/Sites/lendi-ui/node_modules/lerna/lib/ChildProcessUtilities.js:59:30)
21 error     at Function.getLastTag (/Users/localuser/Sites/lendi-ui/node_modules/lerna/lib/GitUtilities.js:162:53)
21 error     at UpdatedPackagesCollector.collectUpdatedPackages (/Users/localuser/Sites/lendi-ui/node_modules/lerna/lib/UpdatedPackagesCollector.js:112:42)
21 error     at UpdatedPackagesCollector.getUpdates (/Users/localuser/Sites/lendi-ui/node_modules/lerna/lib/UpdatedPackagesCollector.js:88:35)
21 error     at PublishCommand.initialize (/Users/localuser/Sites/lendi-ui/node_modules/lerna/lib/commands/PublishCommand.js:275:67)
